2023-08-14 20:12:33.611 [info] Log level: Info
2023-08-14 20:12:33.611 [info] Validating found git in: "git"
2023-08-14 20:12:33.611 [info] Using git "2.41.0" from "git"
2023-08-14 20:12:51.995 [info] Log level: Info
2023-08-14 20:12:51.995 [info] Validating found git in: "git"
2023-08-14 20:12:51.995 [info] Using git "2.41.0" from "git"
2023-08-14 20:12:52.011 [info] > git rev-parse --show-toplevel [5ms]
2023-08-14 20:12:52.011 [info] fatal: not a git repository (or any of the parent directories): .git
2023-08-14 20:12:52.023 [info] > git rev-parse --show-toplevel [2ms]
2023-08-14 20:12:52.023 [info] fatal: not a git repository (or any of the parent directories): .git
2023-08-14 20:12:52.031 [info] > git rev-parse --show-toplevel [2ms]
2023-08-14 20:12:52.031 [info] fatal: not a git repository (or any of the parent directories): .git
2023-08-14 20:12:52.039 [info] > git rev-parse --show-toplevel [2ms]
2023-08-14 20:12:52.039 [info] fatal: not a git repository (or any of the parent directories): .git
2023-08-14 20:12:52.047 [info] > git rev-parse --show-toplevel [1ms]
2023-08-14 20:12:52.047 [info] fatal: not a git repository (or any of the parent directories): .git
2023-08-14 20:12:52.053 [info] > git rev-parse --show-toplevel [2ms]
2023-08-14 20:12:52.053 [info] fatal: not a git repository (or any of the parent directories): .git
2023-08-14 20:12:52.060 [info] > git rev-parse --show-toplevel [1ms]
2023-08-14 20:12:52.060 [info] fatal: not a git repository (or any of the parent directories): .git
2023-08-14 20:12:52.066 [info] > git rev-parse --show-toplevel [1ms]
2023-08-14 20:12:52.066 [info] fatal: not a git repository (or any of the parent directories): .git
2023-08-14 20:12:52.071 [info] > git rev-parse --show-toplevel [1ms]
2023-08-14 20:12:52.071 [info] fatal: not a git repository (or any of the parent directories): .git
2023-08-14 20:12:52.076 [info] > git rev-parse --show-toplevel [1ms]
2023-08-14 20:12:52.076 [info] fatal: not a git repository (or any of the parent directories): .git
2023-08-14 20:12:52.084 [info] > git rev-parse --show-toplevel [2ms]
2023-08-14 20:12:52.084 [info] fatal: not a git repository (or any of the parent directories): .git
2023-08-14 20:12:52.089 [info] > git rev-parse --show-toplevel [1ms]
2023-08-14 20:12:52.089 [info] fatal: not a git repository (or any of the parent directories): .git
2023-08-14 20:12:52.095 [info] > git rev-parse --show-toplevel [1ms]
2023-08-14 20:12:52.095 [info] fatal: not a git repository (or any of the parent directories): .git
2023-08-14 20:12:52.099 [info] > git rev-parse --show-toplevel [1ms]
2023-08-14 20:12:52.099 [info] fatal: not a git repository (or any of the parent directories): .git
2023-08-14 20:12:52.105 [info] > git rev-parse --show-toplevel [1ms]
2023-08-14 20:12:52.105 [info] fatal: not a git repository (or any of the parent directories): .git
2023-08-14 20:12:55.800 [info] > git rev-parse --show-toplevel [2ms]
2023-08-14 20:12:55.800 [info] fatal: not a git repository (or any of the parent directories): .git
2023-08-14 20:13:00.856 [info] > git rev-parse --show-toplevel [2ms]
2023-08-14 20:13:00.856 [info] fatal: not a git repository (or any of the parent directories): .git
2023-08-14 20:13:04.265 [info] > git rev-parse --show-toplevel [1ms]
2023-08-14 20:13:04.265 [info] fatal: not a git repository (or any of the parent directories): .git
2023-08-14 20:13:11.087 [info] > git rev-parse --show-toplevel [2ms]
2023-08-14 20:13:11.087 [info] fatal: not a git repository (or any of the parent directories): .git
