2023-08-14 20:24:27.413 [info] Extension host with pid 4214 started
2023-08-14 20:24:27.413 [info] Skipping acquiring lock for /home/erwindv/.config/Code - OSS/User/workspaceStorage/fcb11d13152c15eb86bd471e9642fc51.
2023-08-14 20:24:27.487 [info] ExtensionService#_doActivateExtension vscode.emmet, startup: false, activationEvent: 'onLanguage'
2023-08-14 20:24:27.537 [info] ExtensionService#_doActivateExtension vscode.git-base, startup: true, activationEvent: '*', root cause: vscode.git
2023-08-14 20:24:27.542 [info] ExtensionService#_doActivateExtension vscode.git, startup: true, activationEvent: '*'
2023-08-14 20:24:27.621 [info] ExtensionService#_doActivateExtension vscode.github, startup: true, activationEvent: '*'
2023-08-14 20:24:27.694 [info] Eager extensions activated
2023-08-14 20:24:27.741 [info] ExtensionService#_doActivateExtension vscode.debug-auto-launch, startup: false, activationEvent: 'onStartupFinished'
2023-08-14 20:24:27.744 [info] ExtensionService#_doActivateExtension vscode.merge-conflict, startup: false, activationEvent: 'onStartupFinished'
2023-08-14 20:48:18.765 [warning] [Decorations] CAPPING events from decorations provider vscode.git 883
2023-08-14 20:48:18.962 [warning] [Decorations] CAPPING events from decorations provider vscode.git 883
2023-08-14 20:48:20.236 [warning] [Decorations] CAPPING events from decorations provider vscode.git 883
2023-08-14 20:48:25.302 [warning] [Decorations] CAPPING events from decorations provider vscode.git 883
2023-08-14 20:48:30.369 [warning] [Decorations] CAPPING events from decorations provider vscode.git 883
2023-08-14 20:48:35.430 [warning] [Decorations] CAPPING events from decorations provider vscode.git 883
2023-08-14 20:48:40.492 [warning] [Decorations] CAPPING events from decorations provider vscode.git 883
2023-08-14 20:48:45.557 [warning] [Decorations] CAPPING events from decorations provider vscode.git 883
2023-08-14 20:48:50.624 [warning] [Decorations] CAPPING events from decorations provider vscode.git 883
2023-08-14 20:48:55.706 [warning] [Decorations] CAPPING events from decorations provider vscode.git 883
2023-08-14 20:49:00.768 [warning] [Decorations] CAPPING events from decorations provider vscode.git 883
2023-08-14 20:49:05.843 [warning] [Decorations] CAPPING events from decorations provider vscode.git 883
2023-08-14 20:49:10.909 [warning] [Decorations] CAPPING events from decorations provider vscode.git 882
2023-08-14 20:49:15.972 [warning] [Decorations] CAPPING events from decorations provider vscode.git 882
2023-08-14 20:49:21.035 [warning] [Decorations] CAPPING events from decorations provider vscode.git 882
2023-08-14 20:49:26.091 [warning] [Decorations] CAPPING events from decorations provider vscode.git 882
2023-08-14 20:49:31.153 [warning] [Decorations] CAPPING events from decorations provider vscode.git 882
2023-08-14 20:49:36.206 [warning] [Decorations] CAPPING events from decorations provider vscode.git 882
2023-08-14 20:49:41.263 [warning] [Decorations] CAPPING events from decorations provider vscode.git 882
2023-08-14 20:49:46.327 [warning] [Decorations] CAPPING events from decorations provider vscode.git 882
2023-08-14 20:49:51.403 [warning] [Decorations] CAPPING events from decorations provider vscode.git 882
2023-08-14 20:49:56.473 [warning] [Decorations] CAPPING events from decorations provider vscode.git 882
2023-08-14 20:50:01.552 [warning] [Decorations] CAPPING events from decorations provider vscode.git 882
2023-08-14 20:50:06.610 [warning] [Decorations] CAPPING events from decorations provider vscode.git 882
2023-08-14 20:50:11.672 [warning] [Decorations] CAPPING events from decorations provider vscode.git 882
2023-08-14 20:50:16.734 [warning] [Decorations] CAPPING events from decorations provider vscode.git 884
2023-08-14 20:50:21.799 [warning] [Decorations] CAPPING events from decorations provider vscode.git 883
2023-08-14 20:50:26.877 [warning] [Decorations] CAPPING events from decorations provider vscode.git 883
2023-08-14 20:50:31.934 [warning] [Decorations] CAPPING events from decorations provider vscode.git 883
2023-08-14 20:50:36.996 [warning] [Decorations] CAPPING events from decorations provider vscode.git 883
2023-08-14 20:50:42.057 [warning] [Decorations] CAPPING events from decorations provider vscode.git 883
2023-08-14 20:50:47.119 [warning] [Decorations] CAPPING events from decorations provider vscode.git 883
2023-08-14 20:50:52.157 [warning] [Decorations] CAPPING events from decorations provider vscode.git 883
2023-08-14 20:50:57.220 [warning] [Decorations] CAPPING events from decorations provider vscode.git 883
2023-08-14 20:51:02.281 [warning] [Decorations] CAPPING events from decorations provider vscode.git 883
2023-08-14 20:51:07.354 [warning] [Decorations] CAPPING events from decorations provider vscode.git 883
2023-08-14 20:51:12.412 [warning] [Decorations] CAPPING events from decorations provider vscode.git 883
2023-08-14 20:51:17.471 [warning] [Decorations] CAPPING events from decorations provider vscode.git 883
2023-08-14 20:51:22.535 [warning] [Decorations] CAPPING events from decorations provider vscode.git 883
2023-08-14 20:51:27.601 [warning] [Decorations] CAPPING events from decorations provider vscode.git 883
2023-08-14 20:51:32.662 [warning] [Decorations] CAPPING events from decorations provider vscode.git 884
2023-08-14 20:51:37.721 [warning] [Decorations] CAPPING events from decorations provider vscode.git 883
2023-08-14 20:51:42.783 [warning] [Decorations] CAPPING events from decorations provider vscode.git 883
2023-08-14 20:51:47.828 [warning] [Decorations] CAPPING events from decorations provider vscode.git 883
2023-08-14 20:51:52.887 [warning] [Decorations] CAPPING events from decorations provider vscode.git 883
2023-08-14 20:51:57.948 [warning] [Decorations] CAPPING events from decorations provider vscode.git 883
2023-08-14 20:52:03.009 [warning] [Decorations] CAPPING events from decorations provider vscode.git 883
2023-08-14 20:52:08.071 [warning] [Decorations] CAPPING events from decorations provider vscode.git 883
2023-08-14 20:52:13.131 [warning] [Decorations] CAPPING events from decorations provider vscode.git 883
2023-08-14 20:52:18.193 [warning] [Decorations] CAPPING events from decorations provider vscode.git 883
2023-08-14 20:52:23.256 [warning] [Decorations] CAPPING events from decorations provider vscode.git 883
2023-08-14 20:52:28.313 [warning] [Decorations] CAPPING events from decorations provider vscode.git 883
2023-08-14 20:52:33.374 [warning] [Decorations] CAPPING events from decorations provider vscode.git 883
2023-08-14 20:52:38.440 [warning] [Decorations] CAPPING events from decorations provider vscode.git 883
2023-08-14 20:52:43.504 [warning] [Decorations] CAPPING events from decorations provider vscode.git 883
2023-08-14 20:52:48.568 [warning] [Decorations] CAPPING events from decorations provider vscode.git 883
2023-08-14 20:52:53.625 [warning] [Decorations] CAPPING events from decorations provider vscode.git 883
2023-08-14 20:52:58.686 [warning] [Decorations] CAPPING events from decorations provider vscode.git 883
2023-08-14 20:53:03.758 [warning] [Decorations] CAPPING events from decorations provider vscode.git 884
2023-08-14 20:53:08.815 [warning] [Decorations] CAPPING events from decorations provider vscode.git 884
2023-08-14 20:53:13.873 [warning] [Decorations] CAPPING events from decorations provider vscode.git 884
2023-08-14 20:54:26.950 [warning] [Decorations] CAPPING events from decorations provider vscode.git 890
