2023-08-14 21:12:51.404 [info] Log level: Info
2023-08-14 21:12:51.404 [info] Validating found git in: "git"
2023-08-14 21:12:51.404 [info] Using git "2.41.0" from "git"
2023-08-14 21:12:51.404 [info] > git rev-parse --show-toplevel [7ms]
2023-08-14 21:12:51.404 [info] > git rev-parse --git-dir --git-common-dir [5ms]
2023-08-14 21:12:51.404 [info] Open repository: /home/erwindv/.config
2023-08-14 21:12:51.416 [info] > git config --get commit.template [6ms]
2023-08-14 21:12:51.419 [info] > git rev-parse --show-toplevel [5ms]
2023-08-14 21:12:51.429 [info] > git for-each-ref --format=%(refname)%00%(upstream:short)%00%(objectname)%00%(upstream:track)%00%(upstream:remotename)%00%(upstream:remoteref) refs/heads/main refs/remotes/main [2ms]
2023-08-14 21:12:51.442 [info] > git rev-parse --show-toplevel [1ms]
2023-08-14 21:12:51.448 [info] > git rev-parse --show-toplevel [1ms]
2023-08-14 21:12:51.455 [info] > git rev-parse --show-toplevel [2ms]
2023-08-14 21:12:51.463 [info] > git rev-parse --show-toplevel [2ms]
2023-08-14 21:12:51.469 [info] > git rev-parse --show-toplevel [1ms]
2023-08-14 21:12:51.474 [info] > git rev-parse --show-toplevel [1ms]
2023-08-14 21:12:51.480 [info] > git rev-parse --show-toplevel [2ms]
2023-08-14 21:12:51.488 [info] > git rev-parse --show-toplevel [2ms]
2023-08-14 21:12:51.492 [info] > git rev-parse --show-toplevel [1ms]
2023-08-14 21:12:51.499 [info] > git rev-parse --show-toplevel [1ms]
2023-08-14 21:12:51.505 [info] > git rev-parse --show-toplevel [1ms]
2023-08-14 21:12:51.510 [info] > git status -z -uall [75ms]
2023-08-14 21:12:51.526 [info] > git rev-parse --show-toplevel [17ms]
2023-08-14 21:12:51.527 [info] > git config --get commit.template [2ms]
2023-08-14 21:12:51.537 [info] > git rev-parse --show-toplevel [1ms]
2023-08-14 21:12:51.538 [info] > git for-each-ref --format=%(refname)%00%(upstream:short)%00%(objectname)%00%(upstream:track)%00%(upstream:remotename)%00%(upstream:remoteref) refs/heads/main refs/remotes/main [7ms]
2023-08-14 21:12:51.611 [info] > git rev-parse --show-toplevel [3ms]
2023-08-14 21:12:51.640 [info] > git status -z -uall [98ms]
2023-08-14 21:12:52.050 [info] > git check-ignore -v -z --stdin [29ms]
2023-08-14 21:12:52.289 [info] > git show --textconv :sxhkd/sxhkdrc [8ms]
2023-08-14 21:12:52.306 [info] > git show --textconv :README.md [7ms]
2023-08-14 21:12:52.307 [info] > git ls-files --stage -- /home/erwindv/.config/sxhkd/sxhkdrc [19ms]
2023-08-14 21:12:52.333 [info] > git ls-files --stage -- /home/erwindv/.config/README.md [28ms]
2023-08-14 21:12:52.342 [info] > git cat-file -s 96bf7ed380b12f2fcf8380970fe9ac8e835ae639 [4ms]
2023-08-14 21:12:52.343 [info] > git cat-file -s 455f0bb1b8ac1acdeee931b240a9e2b6ed649d8e [28ms]
2023-08-14 21:12:53.675 [info] > git config --get commit.template [11ms]
2023-08-14 21:12:53.676 [info] > git for-each-ref --format=%(refname)%00%(upstream:short)%00%(objectname)%00%(upstream:track)%00%(upstream:remotename)%00%(upstream:remoteref) refs/heads/main refs/remotes/main [3ms]
2023-08-14 21:12:53.774 [info] > git status -z -uall [88ms]
2023-08-14 21:12:58.804 [info] > git config --get commit.template [10ms]
2023-08-14 21:12:58.805 [info] > git for-each-ref --format=%(refname)%00%(upstream:short)%00%(objectname)%00%(upstream:track)%00%(upstream:remotename)%00%(upstream:remoteref) refs/heads/main refs/remotes/main [3ms]
2023-08-14 21:12:58.900 [info] > git status -z -uall [87ms]
2023-08-14 21:13:03.925 [info] > git config --get commit.template [9ms]
2023-08-14 21:13:03.927 [info] > git for-each-ref --format=%(refname)%00%(upstream:short)%00%(objectname)%00%(upstream:track)%00%(upstream:remotename)%00%(upstream:remoteref) refs/heads/main refs/remotes/main [3ms]
2023-08-14 21:13:04.008 [info] > git status -z -uall [73ms]
2023-08-14 21:13:09.029 [info] > git config --get commit.template [4ms]
2023-08-14 21:13:09.039 [info] > git for-each-ref --format=%(refname)%00%(upstream:short)%00%(objectname)%00%(upstream:track)%00%(upstream:remotename)%00%(upstream:remoteref) refs/heads/main refs/remotes/main [2ms]
2023-08-14 21:13:09.130 [info] > git status -z -uall [85ms]
2023-08-14 21:13:15.262 [info] > git config --get commit.template [10ms]
2023-08-14 21:13:15.264 [info] > git for-each-ref --format=%(refname)%00%(upstream:short)%00%(objectname)%00%(upstream:track)%00%(upstream:remotename)%00%(upstream:remoteref) refs/heads/main refs/remotes/main [2ms]
2023-08-14 21:13:15.358 [info] > git status -z -uall [86ms]
2023-08-14 21:13:20.384 [info] > git config --get commit.template [9ms]
2023-08-14 21:13:20.385 [info] > git for-each-ref --format=%(refname)%00%(upstream:short)%00%(objectname)%00%(upstream:track)%00%(upstream:remotename)%00%(upstream:remoteref) refs/heads/main refs/remotes/main [2ms]
2023-08-14 21:13:20.479 [info] > git status -z -uall [86ms]
2023-08-14 21:13:25.498 [info] > git config --get commit.template [2ms]
2023-08-14 21:13:25.508 [info] > git for-each-ref --format=%(refname)%00%(upstream:short)%00%(objectname)%00%(upstream:track)%00%(upstream:remotename)%00%(upstream:remoteref) refs/heads/main refs/remotes/main [2ms]
2023-08-14 21:13:25.595 [info] > git status -z -uall [79ms]
2023-08-14 21:13:30.622 [info] > git config --get commit.template [9ms]
2023-08-14 21:13:30.623 [info] > git for-each-ref --format=%(refname)%00%(upstream:short)%00%(objectname)%00%(upstream:track)%00%(upstream:remotename)%00%(upstream:remoteref) refs/heads/main refs/remotes/main [3ms]
2023-08-14 21:13:30.719 [info] > git status -z -uall [88ms]
2023-08-14 21:13:35.747 [info] > git config --get commit.template [9ms]
2023-08-14 21:13:35.748 [info] > git for-each-ref --format=%(refname)%00%(upstream:short)%00%(objectname)%00%(upstream:track)%00%(upstream:remotename)%00%(upstream:remoteref) refs/heads/main refs/remotes/main [2ms]
2023-08-14 21:13:35.842 [info] > git status -z -uall [87ms]
2023-08-14 21:13:40.859 [info] > git config --get commit.template [1ms]
2023-08-14 21:13:40.868 [info] > git for-each-ref --format=%(refname)%00%(upstream:short)%00%(objectname)%00%(upstream:track)%00%(upstream:remotename)%00%(upstream:remoteref) refs/heads/main refs/remotes/main [2ms]
2023-08-14 21:13:40.964 [info] > git status -z -uall [88ms]
