2023-08-14 21:03:35.823 [info] Log level: Info
2023-08-14 21:03:35.823 [info] Validating found git in: "git"
2023-08-14 21:03:35.823 [info] Using git "2.41.0" from "git"
2023-08-14 21:03:35.823 [info] > git rev-parse --show-toplevel [7ms]
2023-08-14 21:03:35.823 [info] > git rev-parse --git-dir --git-common-dir [13ms]
2023-08-14 21:03:35.823 [info] Open repository: /home/erwindv/.config
2023-08-14 21:03:35.836 [info] > git config --get commit.template [7ms]
2023-08-14 21:03:35.837 [info] > git rev-parse --show-toplevel [3ms]
2023-08-14 21:03:35.843 [info] > git for-each-ref --format=%(refname)%00%(upstream:short)%00%(objectname)%00%(upstream:track)%00%(upstream:remotename)%00%(upstream:remoteref) refs/heads/main refs/remotes/main [2ms]
2023-08-14 21:03:35.853 [info] > git rev-parse --show-toplevel [1ms]
2023-08-14 21:03:35.860 [info] > git status -z -uall [11ms]
2023-08-14 21:03:35.907 [info] > git rev-parse --show-toplevel [48ms]
2023-08-14 21:03:35.911 [info] > git config --get commit.template [4ms]
2023-08-14 21:03:36.093 [info] > git for-each-ref --format=%(refname)%00%(upstream:short)%00%(objectname)%00%(upstream:track)%00%(upstream:remotename)%00%(upstream:remoteref) refs/heads/main refs/remotes/main [178ms]
2023-08-14 21:03:36.098 [info] > git rev-parse --show-toplevel [7ms]
2023-08-14 21:03:36.107 [info] > git status -z -uall [10ms]
2023-08-14 21:03:36.195 [info] > git rev-parse --show-toplevel [2ms]
2023-08-14 21:03:36.212 [info] > git rev-parse --show-toplevel [7ms]
2023-08-14 21:03:36.427 [info] > git check-ignore -v -z --stdin [2ms]
2023-08-14 21:03:36.428 [info] > git rev-parse --show-toplevel [9ms]
2023-08-14 21:03:36.434 [info] > git rev-parse --show-toplevel [1ms]
2023-08-14 21:03:36.441 [info] > git rev-parse --show-toplevel [1ms]
2023-08-14 21:03:36.450 [info] > git rev-parse --show-toplevel [2ms]
2023-08-14 21:03:36.459 [info] > git rev-parse --show-toplevel [2ms]
2023-08-14 21:03:36.466 [info] > git rev-parse --show-toplevel [1ms]
2023-08-14 21:03:36.472 [info] > git rev-parse --show-toplevel [1ms]
2023-08-14 21:03:36.479 [info] > git rev-parse --show-toplevel [1ms]
2023-08-14 21:03:36.485 [info] > git rev-parse --show-toplevel [1ms]
2023-08-14 21:03:36.500 [info] > git show --textconv :sxhkd/sxhkdrc [8ms]
2023-08-14 21:03:36.502 [info] > git ls-files --stage -- /home/erwindv/.config/sxhkd/sxhkdrc [4ms]
2023-08-14 21:06:19.602 [info] > git config --get commit.template [2ms]
2023-08-14 21:06:19.619 [info] > git ls-files --stage -- /home/erwindv/.config/sxhkd/sxhkdrc [9ms]
2023-08-14 21:06:19.627 [info] > git for-each-ref --format=%(refname)%00%(upstream:short)%00%(objectname)%00%(upstream:track)%00%(upstream:remotename)%00%(upstream:remoteref) refs/heads/main refs/remotes/main [9ms]
2023-08-14 21:06:19.638 [info] > git cat-file -s 455f0bb1b8ac1acdeee931b240a9e2b6ed649d8e [11ms]
2023-08-14 21:06:19.651 [info] > git show --textconv :sxhkd/sxhkdrc [3ms]
2023-08-14 21:06:19.662 [info] > git status -z -uall [28ms]
2023-08-14 21:06:20.844 [info] > git check-ignore -v -z --stdin [6ms]
2023-08-14 21:06:21.907 [info] > git check-ignore -v -z --stdin [3ms]
2023-08-14 21:06:22.973 [info] > git check-ignore -v -z --stdin [2ms]
2023-08-14 21:06:24.743 [info] > git config --get commit.template [10ms]
2023-08-14 21:06:24.744 [info] > git for-each-ref --format=%(refname)%00%(upstream:short)%00%(objectname)%00%(upstream:track)%00%(upstream:remotename)%00%(upstream:remoteref) refs/heads/main refs/remotes/main [2ms]
2023-08-14 21:06:24.771 [info] > git status -z -uall [20ms]
2023-08-14 21:06:25.630 [info] > git check-ignore -v -z --stdin [23ms]
2023-08-14 21:06:27.325 [info] > git show --textconv :.git/COMMIT_EDITMSG [6ms]
2023-08-14 21:06:27.326 [info] > git ls-files --stage -- /home/erwindv/.config/.git/COMMIT_EDITMSG [1ms]
2023-08-14 21:06:27.662 [info] > git check-ignore -v -z --stdin [1ms]
2023-08-14 21:06:28.111 [info] > git ls-files --stage -- /home/erwindv/.config/sxhkd/sxhkdrc [11ms]
2023-08-14 21:06:28.119 [info] > git cat-file -s 455f0bb1b8ac1acdeee931b240a9e2b6ed649d8e [1ms]
2023-08-14 21:06:28.121 [info] > git ls-files --stage -- /home/erwindv/.config/.git/COMMIT_EDITMSG [10ms]
2023-08-14 21:06:28.139 [info] > git show --textconv :sxhkd/sxhkdrc [9ms]
2023-08-14 21:06:28.139 [info] > git show --textconv :.git/COMMIT_EDITMSG [1ms]
2023-08-14 21:07:07.000 [info] > git ls-files --stage -- /home/erwindv/.config/sxhkd/sxhkdrc [9ms]
2023-08-14 21:07:07.005 [info] > git ls-files --stage -- /home/erwindv/.config/.git/COMMIT_EDITMSG [6ms]
2023-08-14 21:07:07.006 [info] > git cat-file -s 455f0bb1b8ac1acdeee931b240a9e2b6ed649d8e [2ms]
2023-08-14 21:07:07.020 [info] > git show --textconv :.git/COMMIT_EDITMSG [7ms]
2023-08-14 21:07:07.021 [info] > git show --textconv :sxhkd/sxhkdrc [2ms]
