2023-08-14 20:24:27.723 [info] Log level: Info
2023-08-14 20:24:27.723 [info] Validating found git in: "git"
2023-08-14 20:24:27.723 [info] Using git "2.41.0" from "git"
2023-08-14 20:24:27.723 [info] > git rev-parse --show-toplevel [3ms]
2023-08-14 20:24:27.723 [info] fatal: not a git repository (or any of the parent directories): .git
2023-08-14 20:24:27.724 [info] > git rev-parse --show-toplevel [5ms]
2023-08-14 20:24:27.724 [info] fatal: not a git repository (or any of the parent directories): .git
2023-08-14 20:24:27.733 [info] > git rev-parse --show-toplevel [2ms]
2023-08-14 20:24:27.733 [info] fatal: not a git repository (or any of the parent directories): .git
2023-08-14 20:24:27.773 [info] > git rev-parse --show-toplevel [32ms]
2023-08-14 20:24:27.773 [info] fatal: not a git repository (or any of the parent directories): .git
2023-08-14 20:24:27.787 [info] > git rev-parse --show-toplevel [2ms]
2023-08-14 20:24:27.787 [info] fatal: not a git repository (or any of the parent directories): .git
2023-08-14 20:24:27.792 [info] > git rev-parse --show-toplevel [1ms]
2023-08-14 20:24:27.792 [info] fatal: not a git repository (or any of the parent directories): .git
2023-08-14 20:24:27.802 [info] > git rev-parse --show-toplevel [6ms]
2023-08-14 20:24:27.802 [info] fatal: not a git repository (or any of the parent directories): .git
2023-08-14 20:24:27.807 [info] > git rev-parse --show-toplevel [1ms]
2023-08-14 20:24:27.807 [info] fatal: not a git repository (or any of the parent directories): .git
2023-08-14 20:24:27.814 [info] > git rev-parse --show-toplevel [2ms]
2023-08-14 20:24:27.814 [info] fatal: not a git repository (or any of the parent directories): .git
2023-08-14 20:24:27.819 [info] > git rev-parse --show-toplevel [1ms]
2023-08-14 20:24:27.819 [info] fatal: not a git repository (or any of the parent directories): .git
2023-08-14 20:24:27.824 [info] > git rev-parse --show-toplevel [1ms]
2023-08-14 20:24:27.824 [info] fatal: not a git repository (or any of the parent directories): .git
2023-08-14 20:24:27.830 [info] > git rev-parse --show-toplevel [1ms]
2023-08-14 20:24:27.830 [info] fatal: not a git repository (or any of the parent directories): .git
2023-08-14 20:24:27.836 [info] > git rev-parse --show-toplevel [1ms]
2023-08-14 20:24:27.836 [info] fatal: not a git repository (or any of the parent directories): .git
2023-08-14 20:24:27.841 [info] > git rev-parse --show-toplevel [0ms]
2023-08-14 20:24:27.841 [info] fatal: not a git repository (or any of the parent directories): .git
2023-08-14 20:24:27.845 [info] > git rev-parse --show-toplevel [1ms]
2023-08-14 20:24:27.845 [info] fatal: not a git repository (or any of the parent directories): .git
2023-08-14 20:24:27.850 [info] > git rev-parse --show-toplevel [1ms]
2023-08-14 20:24:27.850 [info] fatal: not a git repository (or any of the parent directories): .git
2023-08-14 20:24:27.855 [info] > git rev-parse --show-toplevel [1ms]
2023-08-14 20:24:27.855 [info] fatal: not a git repository (or any of the parent directories): .git
2023-08-14 20:48:18.679 [info] > git rev-parse --show-toplevel [1ms]
2023-08-14 20:48:18.689 [info] > git rev-parse --git-dir --git-common-dir [2ms]
2023-08-14 20:48:18.702 [info] Open repository: /home/erwindv/.config
2023-08-14 20:48:18.717 [info] No remotes found in the git config file.
2023-08-14 20:48:18.717 [info] > git config --get commit.template [8ms]
2023-08-14 20:48:18.718 [info] > git for-each-ref --format=%(refname)%00%(upstream:short)%00%(objectname)%00%(upstream:track)%00%(upstream:remotename)%00%(upstream:remoteref) refs/heads/master refs/remotes/master [2ms]
2023-08-14 20:48:18.737 [info] > git status -z -uall [11ms]
2023-08-14 20:48:18.786 [info] > git config --get commit.template [5ms]
2023-08-14 20:48:18.799 [info] No remotes found in the git config file.
2023-08-14 20:48:18.928 [info] > git for-each-ref --format=%(refname)%00%(upstream:short)%00%(objectname)%00%(upstream:track)%00%(upstream:remotename)%00%(upstream:remoteref) refs/heads/master refs/remotes/master [130ms]
2023-08-14 20:48:18.945 [info] > git status -z -uall [12ms]
2023-08-14 20:48:19.239 [info] > git show --textconv :sxhkd/sxhkdrc [7ms]
2023-08-14 20:48:19.241 [info] > git ls-files --stage -- /home/erwindv/.config/sxhkd/sxhkdrc [3ms]
2023-08-14 20:48:19.285 [info] > git check-ignore -v -z --stdin [2ms]
2023-08-14 20:48:20.196 [info] No remotes found in the git config file.
2023-08-14 20:48:20.197 [info] > git config --get commit.template [9ms]
2023-08-14 20:48:20.198 [info] > git for-each-ref --format=%(refname)%00%(upstream:short)%00%(objectname)%00%(upstream:track)%00%(upstream:remotename)%00%(upstream:remoteref) refs/heads/master refs/remotes/master [3ms]
2023-08-14 20:48:20.216 [info] > git status -z -uall [10ms]
2023-08-14 20:48:25.263 [info] No remotes found in the git config file.
2023-08-14 20:48:25.265 [info] > git config --get commit.template [9ms]
2023-08-14 20:48:25.265 [info] > git for-each-ref --format=%(refname)%00%(upstream:short)%00%(objectname)%00%(upstream:track)%00%(upstream:remotename)%00%(upstream:remoteref) refs/heads/master refs/remotes/master [2ms]
2023-08-14 20:48:25.282 [info] > git status -z -uall [9ms]
2023-08-14 20:48:28.147 [info] > git ls-files --stage -- /home/erwindv/.config/sxhkd/sxhkdrc [2ms]
2023-08-14 20:48:28.159 [info] > git show --textconv :sxhkd/sxhkdrc [2ms]
2023-08-14 20:48:30.328 [info] No remotes found in the git config file.
2023-08-14 20:48:30.329 [info] > git config --get commit.template [10ms]
2023-08-14 20:48:30.330 [info] > git for-each-ref --format=%(refname)%00%(upstream:short)%00%(objectname)%00%(upstream:track)%00%(upstream:remotename)%00%(upstream:remoteref) refs/heads/master refs/remotes/master [3ms]
2023-08-14 20:48:30.348 [info] > git status -z -uall [11ms]
2023-08-14 20:48:35.393 [info] No remotes found in the git config file.
2023-08-14 20:48:35.394 [info] > git config --get commit.template [10ms]
2023-08-14 20:48:35.395 [info] > git for-each-ref --format=%(refname)%00%(upstream:short)%00%(objectname)%00%(upstream:track)%00%(upstream:remotename)%00%(upstream:remoteref) refs/heads/master refs/remotes/master [2ms]
2023-08-14 20:48:35.412 [info] > git status -z -uall [9ms]
2023-08-14 20:48:35.463 [info] > git ls-files --stage -- /home/erwindv/.config/sxhkd/sxhkdrc [1ms]
2023-08-14 20:48:35.475 [info] > git show --textconv :sxhkd/sxhkdrc [2ms]
2023-08-14 20:48:40.456 [info] No remotes found in the git config file.
2023-08-14 20:48:40.457 [info] > git config --get commit.template [9ms]
2023-08-14 20:48:40.458 [info] > git for-each-ref --format=%(refname)%00%(upstream:short)%00%(objectname)%00%(upstream:track)%00%(upstream:remotename)%00%(upstream:remoteref) refs/heads/master refs/remotes/master [2ms]
2023-08-14 20:48:40.474 [info] > git status -z -uall [9ms]
2023-08-14 20:48:45.518 [info] No remotes found in the git config file.
2023-08-14 20:48:45.519 [info] > git config --get commit.template [10ms]
2023-08-14 20:48:45.519 [info] > git for-each-ref --format=%(refname)%00%(upstream:short)%00%(objectname)%00%(upstream:track)%00%(upstream:remotename)%00%(upstream:remoteref) refs/heads/master refs/remotes/master [2ms]
2023-08-14 20:48:45.537 [info] > git status -z -uall [10ms]
2023-08-14 20:48:50.584 [info] No remotes found in the git config file.
2023-08-14 20:48:50.585 [info] > git config --get commit.template [10ms]
2023-08-14 20:48:50.586 [info] > git for-each-ref --format=%(refname)%00%(upstream:short)%00%(objectname)%00%(upstream:track)%00%(upstream:remotename)%00%(upstream:remoteref) refs/heads/master refs/remotes/master [2ms]
2023-08-14 20:48:50.604 [info] > git status -z -uall [10ms]
2023-08-14 20:48:55.652 [info] No remotes found in the git config file.
2023-08-14 20:48:55.653 [info] > git config --get commit.template [10ms]
2023-08-14 20:48:55.653 [info] > git for-each-ref --format=%(refname)%00%(upstream:short)%00%(objectname)%00%(upstream:track)%00%(upstream:remotename)%00%(upstream:remoteref) refs/heads/master refs/remotes/master [1ms]
2023-08-14 20:48:55.671 [info] > git status -z -uall [8ms]
2023-08-14 20:49:00.730 [info] No remotes found in the git config file.
2023-08-14 20:49:00.731 [info] > git config --get commit.template [10ms]
2023-08-14 20:49:00.732 [info] > git for-each-ref --format=%(refname)%00%(upstream:short)%00%(objectname)%00%(upstream:track)%00%(upstream:remotename)%00%(upstream:remoteref) refs/heads/master refs/remotes/master [2ms]
2023-08-14 20:49:00.749 [info] > git status -z -uall [8ms]
2023-08-14 20:49:05.786 [info] > git config --get commit.template [2ms]
2023-08-14 20:49:05.794 [info] No remotes found in the git config file.
2023-08-14 20:49:05.796 [info] > git for-each-ref --format=%(refname)%00%(upstream:short)%00%(objectname)%00%(upstream:track)%00%(upstream:remotename)%00%(upstream:remoteref) refs/heads/master refs/remotes/master [2ms]
2023-08-14 20:49:05.816 [info] > git status -z -uall [12ms]
2023-08-14 20:49:05.847 [info] > git ls-files --stage -- /home/erwindv/.config/sxhkd/sxhkdrc [32ms]
2023-08-14 20:49:05.865 [info] > git show --textconv :sxhkd/sxhkdrc [2ms]
2023-08-14 20:49:10.863 [info] > git config --get commit.template [2ms]
2023-08-14 20:49:10.872 [info] No remotes found in the git config file.
2023-08-14 20:49:10.873 [info] > git for-each-ref --format=%(refname)%00%(upstream:short)%00%(objectname)%00%(upstream:track)%00%(upstream:remotename)%00%(upstream:remoteref) refs/heads/master refs/remotes/master [2ms]
2023-08-14 20:49:10.891 [info] > git status -z -uall [9ms]
2023-08-14 20:49:15.932 [info] No remotes found in the git config file.
2023-08-14 20:49:15.933 [info] > git config --get commit.template [10ms]
2023-08-14 20:49:15.934 [info] > git for-each-ref --format=%(refname)%00%(upstream:short)%00%(objectname)%00%(upstream:track)%00%(upstream:remotename)%00%(upstream:remoteref) refs/heads/main refs/remotes/main [2ms]
2023-08-14 20:49:15.951 [info] > git status -z -uall [9ms]
2023-08-14 20:49:16.055 [info] > git ls-files --stage -- /home/erwindv/.config/sxhkd/sxhkdrc [2ms]
2023-08-14 20:49:16.193 [info] > git show --textconv :sxhkd/sxhkdrc [3ms]
2023-08-14 20:49:20.995 [info] No remotes found in the git config file.
2023-08-14 20:49:20.996 [info] > git config --get commit.template [10ms]
2023-08-14 20:49:20.997 [info] > git for-each-ref --format=%(refname)%00%(upstream:short)%00%(objectname)%00%(upstream:track)%00%(upstream:remotename)%00%(upstream:remoteref) refs/heads/main refs/remotes/main [2ms]
2023-08-14 20:49:21.015 [info] > git status -z -uall [10ms]
2023-08-14 20:49:22.540 [info] > git ls-files --stage -- /home/erwindv/.config/sxhkd/sxhkdrc [2ms]
2023-08-14 20:49:22.552 [info] > git show --textconv :sxhkd/sxhkdrc [2ms]
2023-08-14 20:49:26.055 [info] > git config --get commit.template [7ms]
2023-08-14 20:49:26.056 [info] > git for-each-ref --format=%(refname)%00%(upstream:short)%00%(objectname)%00%(upstream:track)%00%(upstream:remotename)%00%(upstream:remoteref) refs/heads/main refs/remotes/main [2ms]
2023-08-14 20:49:26.072 [info] > git status -z -uall [10ms]
2023-08-14 20:49:31.117 [info] > git config --get commit.template [10ms]
2023-08-14 20:49:31.117 [info] > git for-each-ref --format=%(refname)%00%(upstream:short)%00%(objectname)%00%(upstream:track)%00%(upstream:remotename)%00%(upstream:remoteref) refs/heads/main refs/remotes/main [1ms]
2023-08-14 20:49:31.135 [info] > git status -z -uall [9ms]
2023-08-14 20:49:36.171 [info] > git config --get commit.template [6ms]
2023-08-14 20:49:36.172 [info] > git for-each-ref --format=%(refname)%00%(upstream:short)%00%(objectname)%00%(upstream:track)%00%(upstream:remotename)%00%(upstream:remoteref) refs/heads/main refs/remotes/main [2ms]
2023-08-14 20:49:36.188 [info] > git status -z -uall [9ms]
2023-08-14 20:49:41.228 [info] > git config --get commit.template [8ms]
2023-08-14 20:49:41.229 [info] > git for-each-ref --format=%(refname)%00%(upstream:short)%00%(objectname)%00%(upstream:track)%00%(upstream:remotename)%00%(upstream:remoteref) refs/heads/main refs/remotes/main [1ms]
2023-08-14 20:49:41.246 [info] > git status -z -uall [9ms]
2023-08-14 20:49:46.291 [info] > git config --get commit.template [10ms]
2023-08-14 20:49:46.292 [info] > git for-each-ref --format=%(refname)%00%(upstream:short)%00%(objectname)%00%(upstream:track)%00%(upstream:remotename)%00%(upstream:remoteref) refs/heads/main refs/remotes/main [2ms]
2023-08-14 20:49:46.309 [info] > git status -z -uall [9ms]
2023-08-14 20:49:51.357 [info] > git config --get commit.template [3ms]
2023-08-14 20:49:51.366 [info] > git for-each-ref --format=%(refname)%00%(upstream:short)%00%(objectname)%00%(upstream:track)%00%(upstream:remotename)%00%(upstream:remoteref) refs/heads/main refs/remotes/main [2ms]
2023-08-14 20:49:51.383 [info] > git status -z -uall [10ms]
2023-08-14 20:49:56.428 [info] > git config --get commit.template [6ms]
2023-08-14 20:49:56.429 [info] > git for-each-ref --format=%(refname)%00%(upstream:short)%00%(objectname)%00%(upstream:track)%00%(upstream:remotename)%00%(upstream:remoteref) refs/heads/main refs/remotes/main [2ms]
2023-08-14 20:49:56.446 [info] > git status -z -uall [11ms]
2023-08-14 20:50:01.493 [info] > git config --get commit.template [2ms]
2023-08-14 20:50:01.503 [info] > git for-each-ref --format=%(refname)%00%(upstream:short)%00%(objectname)%00%(upstream:track)%00%(upstream:remotename)%00%(upstream:remoteref) refs/heads/main refs/remotes/main [2ms]
2023-08-14 20:50:01.521 [info] > git status -z -uall [11ms]
2023-08-14 20:50:06.576 [info] > git config --get commit.template [10ms]
2023-08-14 20:50:06.577 [info] > git for-each-ref --format=%(refname)%00%(upstream:short)%00%(objectname)%00%(upstream:track)%00%(upstream:remotename)%00%(upstream:remoteref) refs/heads/main refs/remotes/main [2ms]
2023-08-14 20:50:06.593 [info] > git status -z -uall [9ms]
2023-08-14 20:50:11.637 [info] > git config --get commit.template [9ms]
2023-08-14 20:50:11.638 [info] > git for-each-ref --format=%(refname)%00%(upstream:short)%00%(objectname)%00%(upstream:track)%00%(upstream:remotename)%00%(upstream:remoteref) refs/heads/main refs/remotes/main [2ms]
2023-08-14 20:50:11.656 [info] > git status -z -uall [9ms]
2023-08-14 20:50:16.697 [info] > git config --get commit.template [10ms]
2023-08-14 20:50:16.698 [info] > git for-each-ref --format=%(refname)%00%(upstream:short)%00%(objectname)%00%(upstream:track)%00%(upstream:remotename)%00%(upstream:remoteref) refs/heads/main refs/remotes/main [2ms]
2023-08-14 20:50:16.716 [info] > git status -z -uall [9ms]
2023-08-14 20:50:21.762 [info] > git config --get commit.template [9ms]
2023-08-14 20:50:21.764 [info] > git for-each-ref --format=%(refname)%00%(upstream:short)%00%(objectname)%00%(upstream:track)%00%(upstream:remotename)%00%(upstream:remoteref) refs/heads/main refs/remotes/main [2ms]
2023-08-14 20:50:21.782 [info] > git status -z -uall [10ms]
2023-08-14 20:50:26.824 [info] > git config --get commit.template [10ms]
2023-08-14 20:50:26.825 [info] > git for-each-ref --format=%(refname)%00%(upstream:short)%00%(objectname)%00%(upstream:track)%00%(upstream:remotename)%00%(upstream:remoteref) refs/heads/main refs/remotes/main [2ms]
2023-08-14 20:50:26.850 [info] > git status -z -uall [17ms]
2023-08-14 20:50:31.892 [info] > git config --get commit.template [1ms]
2023-08-14 20:50:31.903 [info] > git for-each-ref --format=%(refname)%00%(upstream:short)%00%(objectname)%00%(upstream:track)%00%(upstream:remotename)%00%(upstream:remoteref) refs/heads/main refs/remotes/main [2ms]
2023-08-14 20:50:31.915 [info] > git status -z -uall [5ms]
2023-08-14 20:50:36.961 [info] > git config --get commit.template [10ms]
2023-08-14 20:50:36.962 [info] > git for-each-ref --format=%(refname)%00%(upstream:short)%00%(objectname)%00%(upstream:track)%00%(upstream:remotename)%00%(upstream:remoteref) refs/heads/main refs/remotes/main [2ms]
2023-08-14 20:50:36.979 [info] > git status -z -uall [9ms]
2023-08-14 20:50:42.021 [info] > git config --get commit.template [10ms]
2023-08-14 20:50:42.022 [info] > git for-each-ref --format=%(refname)%00%(upstream:short)%00%(objectname)%00%(upstream:track)%00%(upstream:remotename)%00%(upstream:remoteref) refs/heads/main refs/remotes/main [2ms]
2023-08-14 20:50:42.039 [info] > git status -z -uall [9ms]
2023-08-14 20:50:47.080 [info] > git config --get commit.template [9ms]
2023-08-14 20:50:47.081 [info] > git for-each-ref --format=%(refname)%00%(upstream:short)%00%(objectname)%00%(upstream:track)%00%(upstream:remotename)%00%(upstream:remoteref) refs/heads/main refs/remotes/main [1ms]
2023-08-14 20:50:47.099 [info] > git status -z -uall [10ms]
2023-08-14 20:50:52.138 [info] > git config --get commit.template [6ms]
2023-08-14 20:50:52.140 [info] > git for-each-ref --format=%(refname)%00%(upstream:short)%00%(objectname)%00%(upstream:track)%00%(upstream:remotename)%00%(upstream:remoteref) refs/heads/main refs/remotes/main [2ms]
2023-08-14 20:50:52.149 [info] > git status -z -uall [5ms]
2023-08-14 20:50:57.173 [info] > git config --get commit.template [2ms]
2023-08-14 20:50:57.184 [info] > git for-each-ref --format=%(refname)%00%(upstream:short)%00%(objectname)%00%(upstream:track)%00%(upstream:remotename)%00%(upstream:remoteref) refs/heads/main refs/remotes/main [2ms]
2023-08-14 20:50:57.202 [info] > git status -z -uall [9ms]
2023-08-14 20:51:02.245 [info] > git config --get commit.template [10ms]
2023-08-14 20:51:02.246 [info] > git for-each-ref --format=%(refname)%00%(upstream:short)%00%(objectname)%00%(upstream:track)%00%(upstream:remotename)%00%(upstream:remoteref) refs/heads/main refs/remotes/main [2ms]
2023-08-14 20:51:02.264 [info] > git status -z -uall [9ms]
2023-08-14 20:51:07.305 [info] > git config --get commit.template [10ms]
2023-08-14 20:51:07.306 [info] > git for-each-ref --format=%(refname)%00%(upstream:short)%00%(objectname)%00%(upstream:track)%00%(upstream:remotename)%00%(upstream:remoteref) refs/heads/main refs/remotes/main [2ms]
2023-08-14 20:51:07.325 [info] > git status -z -uall [11ms]
2023-08-14 20:51:12.376 [info] > git config --get commit.template [10ms]
2023-08-14 20:51:12.377 [info] > git for-each-ref --format=%(refname)%00%(upstream:short)%00%(objectname)%00%(upstream:track)%00%(upstream:remotename)%00%(upstream:remoteref) refs/heads/main refs/remotes/main [2ms]
2023-08-14 20:51:12.394 [info] > git status -z -uall [9ms]
2023-08-14 20:51:17.435 [info] > git config --get commit.template [10ms]
2023-08-14 20:51:17.436 [info] > git for-each-ref --format=%(refname)%00%(upstream:short)%00%(objectname)%00%(upstream:track)%00%(upstream:remotename)%00%(upstream:remoteref) refs/heads/main refs/remotes/main [2ms]
2023-08-14 20:51:17.453 [info] > git status -z -uall [9ms]
2023-08-14 20:51:22.490 [info] > git config --get commit.template [2ms]
2023-08-14 20:51:22.500 [info] > git for-each-ref --format=%(refname)%00%(upstream:short)%00%(objectname)%00%(upstream:track)%00%(upstream:remotename)%00%(upstream:remoteref) refs/heads/main refs/remotes/main [2ms]
2023-08-14 20:51:22.517 [info] > git status -z -uall [9ms]
2023-08-14 20:51:27.555 [info] > git config --get commit.template [2ms]
2023-08-14 20:51:27.565 [info] > git for-each-ref --format=%(refname)%00%(upstream:short)%00%(objectname)%00%(upstream:track)%00%(upstream:remotename)%00%(upstream:remoteref) refs/heads/main refs/remotes/main [2ms]
2023-08-14 20:51:27.580 [info] > git status -z -uall [6ms]
2023-08-14 20:51:32.623 [info] > git config --get commit.template [8ms]
2023-08-14 20:51:32.623 [info] > git for-each-ref --format=%(refname)%00%(upstream:short)%00%(objectname)%00%(upstream:track)%00%(upstream:remotename)%00%(upstream:remoteref) refs/heads/main refs/remotes/main [2ms]
2023-08-14 20:51:32.642 [info] > git status -z -uall [11ms]
2023-08-14 20:51:37.685 [info] > git config --get commit.template [10ms]
2023-08-14 20:51:37.686 [info] > git for-each-ref --format=%(refname)%00%(upstream:short)%00%(objectname)%00%(upstream:track)%00%(upstream:remotename)%00%(upstream:remoteref) refs/heads/main refs/remotes/main [1ms]
2023-08-14 20:51:37.699 [info] > git status -z -uall [6ms]
2023-08-14 20:51:42.746 [info] > git config --get commit.template [10ms]
2023-08-14 20:51:42.747 [info] > git for-each-ref --format=%(refname)%00%(upstream:short)%00%(objectname)%00%(upstream:track)%00%(upstream:remotename)%00%(upstream:remoteref) refs/heads/main refs/remotes/main [2ms]
2023-08-14 20:51:42.764 [info] > git status -z -uall [9ms]
2023-08-14 20:51:47.802 [info] > git config --get commit.template [8ms]
2023-08-14 20:51:47.803 [info] > git for-each-ref --format=%(refname)%00%(upstream:short)%00%(objectname)%00%(upstream:track)%00%(upstream:remotename)%00%(upstream:remoteref) refs/heads/main refs/remotes/main [2ms]
2023-08-14 20:51:47.818 [info] > git status -z -uall [9ms]
2023-08-14 20:51:52.851 [info] > git config --get commit.template [10ms]
2023-08-14 20:51:52.852 [info] > git for-each-ref --format=%(refname)%00%(upstream:short)%00%(objectname)%00%(upstream:track)%00%(upstream:remotename)%00%(upstream:remoteref) refs/heads/main refs/remotes/main [2ms]
2023-08-14 20:51:52.868 [info] > git status -z -uall [9ms]
2023-08-14 20:51:57.910 [info] > git config --get commit.template [10ms]
2023-08-14 20:51:57.911 [info] > git for-each-ref --format=%(refname)%00%(upstream:short)%00%(objectname)%00%(upstream:track)%00%(upstream:remotename)%00%(upstream:remoteref) refs/heads/main refs/remotes/main [2ms]
2023-08-14 20:51:57.929 [info] > git status -z -uall [10ms]
2023-08-14 20:52:02.974 [info] > git config --get commit.template [9ms]
2023-08-14 20:52:02.974 [info] > git for-each-ref --format=%(refname)%00%(upstream:short)%00%(objectname)%00%(upstream:track)%00%(upstream:remotename)%00%(upstream:remoteref) refs/heads/main refs/remotes/main [1ms]
2023-08-14 20:52:02.991 [info] > git status -z -uall [9ms]
2023-08-14 20:52:08.035 [info] > git config --get commit.template [10ms]
2023-08-14 20:52:08.036 [info] > git for-each-ref --format=%(refname)%00%(upstream:short)%00%(objectname)%00%(upstream:track)%00%(upstream:remotename)%00%(upstream:remoteref) refs/heads/main refs/remotes/main [2ms]
2023-08-14 20:52:08.053 [info] > git status -z -uall [9ms]
2023-08-14 20:52:13.095 [info] > git config --get commit.template [10ms]
2023-08-14 20:52:13.096 [info] > git for-each-ref --format=%(refname)%00%(upstream:short)%00%(objectname)%00%(upstream:track)%00%(upstream:remotename)%00%(upstream:remoteref) refs/heads/main refs/remotes/main [2ms]
2023-08-14 20:52:13.113 [info] > git status -z -uall [9ms]
2023-08-14 20:52:18.157 [info] > git config --get commit.template [10ms]
2023-08-14 20:52:18.158 [info] > git for-each-ref --format=%(refname)%00%(upstream:short)%00%(objectname)%00%(upstream:track)%00%(upstream:remotename)%00%(upstream:remoteref) refs/heads/main refs/remotes/main [2ms]
2023-08-14 20:52:18.175 [info] > git status -z -uall [9ms]
2023-08-14 20:52:23.218 [info] > git for-each-ref --format=%(refname)%00%(upstream:short)%00%(objectname)%00%(upstream:track)%00%(upstream:remotename)%00%(upstream:remoteref) refs/heads/main refs/remotes/main [1ms]
2023-08-14 20:52:23.219 [info] > git config --get commit.template [10ms]
2023-08-14 20:52:23.238 [info] > git status -z -uall [10ms]
2023-08-14 20:52:28.279 [info] > git config --get commit.template [9ms]
2023-08-14 20:52:28.279 [info] > git for-each-ref --format=%(refname)%00%(upstream:short)%00%(objectname)%00%(upstream:track)%00%(upstream:remotename)%00%(upstream:remoteref) refs/heads/main refs/remotes/main [1ms]
2023-08-14 20:52:28.296 [info] > git status -z -uall [9ms]
2023-08-14 20:52:33.340 [info] > git config --get commit.template [9ms]
2023-08-14 20:52:33.340 [info] > git for-each-ref --format=%(refname)%00%(upstream:short)%00%(objectname)%00%(upstream:track)%00%(upstream:remotename)%00%(upstream:remoteref) refs/heads/main refs/remotes/main [1ms]
2023-08-14 20:52:33.357 [info] > git status -z -uall [9ms]
2023-08-14 20:52:38.401 [info] > git config --get commit.template [10ms]
2023-08-14 20:52:38.402 [info] > git for-each-ref --format=%(refname)%00%(upstream:short)%00%(objectname)%00%(upstream:track)%00%(upstream:remotename)%00%(upstream:remoteref) refs/heads/main refs/remotes/main [2ms]
2023-08-14 20:52:38.420 [info] > git status -z -uall [10ms]
2023-08-14 20:52:43.468 [info] > git config --get commit.template [10ms]
2023-08-14 20:52:43.469 [info] > git for-each-ref --format=%(refname)%00%(upstream:short)%00%(objectname)%00%(upstream:track)%00%(upstream:remotename)%00%(upstream:remoteref) refs/heads/main refs/remotes/main [2ms]
2023-08-14 20:52:43.486 [info] > git status -z -uall [9ms]
2023-08-14 20:52:48.530 [info] > git config --get commit.template [9ms]
2023-08-14 20:52:48.531 [info] > git for-each-ref --format=%(refname)%00%(upstream:short)%00%(objectname)%00%(upstream:track)%00%(upstream:remotename)%00%(upstream:remoteref) refs/heads/main refs/remotes/main [2ms]
2023-08-14 20:52:48.548 [info] > git status -z -uall [9ms]
2023-08-14 20:52:53.591 [info] > git config --get commit.template [9ms]
2023-08-14 20:52:53.592 [info] > git for-each-ref --format=%(refname)%00%(upstream:short)%00%(objectname)%00%(upstream:track)%00%(upstream:remotename)%00%(upstream:remoteref) refs/heads/main refs/remotes/main [2ms]
2023-08-14 20:52:53.607 [info] > git status -z -uall [7ms]
2023-08-14 20:52:58.648 [info] > git config --get commit.template [10ms]
2023-08-14 20:52:58.649 [info] > git for-each-ref --format=%(refname)%00%(upstream:short)%00%(objectname)%00%(upstream:track)%00%(upstream:remotename)%00%(upstream:remoteref) refs/heads/main refs/remotes/main [2ms]
2023-08-14 20:52:58.667 [info] > git status -z -uall [9ms]
2023-08-14 20:53:03.710 [info] > git config --get commit.template [10ms]
2023-08-14 20:53:03.711 [info] > git for-each-ref --format=%(refname)%00%(upstream:short)%00%(objectname)%00%(upstream:track)%00%(upstream:remotename)%00%(upstream:remoteref) refs/heads/main refs/remotes/main [1ms]
2023-08-14 20:53:03.738 [info] > git status -z -uall [20ms]
2023-08-14 20:53:03.738 [info] > git check-ignore -v -z --stdin [3ms]
2023-08-14 20:53:08.783 [info] > git config --get commit.template [3ms]
2023-08-14 20:53:08.793 [info] > git for-each-ref --format=%(refname)%00%(upstream:short)%00%(objectname)%00%(upstream:track)%00%(upstream:remotename)%00%(upstream:remoteref) refs/heads/main refs/remotes/main [1ms]
2023-08-14 20:53:08.807 [info] > git status -z -uall [6ms]
2023-08-14 20:53:09.572 [info] > git check-ignore -v -z --stdin [2ms]
2023-08-14 20:53:13.837 [info] > git config --get commit.template [10ms]
2023-08-14 20:53:13.838 [info] > git for-each-ref --format=%(refname)%00%(upstream:short)%00%(objectname)%00%(upstream:track)%00%(upstream:remotename)%00%(upstream:remoteref) refs/heads/main refs/remotes/main [2ms]
2023-08-14 20:53:13.855 [info] > git status -z -uall [9ms]
2023-08-14 20:54:26.922 [info] > git config --get commit.template [1ms]
2023-08-14 20:54:26.929 [info] > git for-each-ref --format=%(refname)%00%(upstream:short)%00%(objectname)%00%(upstream:track)%00%(upstream:remotename)%00%(upstream:remoteref) refs/heads/main refs/remotes/main [1ms]
2023-08-14 20:54:26.938 [info] > git status -z -uall [5ms]
2023-08-14 20:54:28.773 [info] > git rev-parse --show-toplevel [1ms]
2023-08-14 20:54:28.773 [info] fatal: not a git repository (or any of the parent directories): .git
