2023-08-14 20:56:41.482 [info] Log level: Info
2023-08-14 20:56:41.482 [info] Validating found git in: "git"
2023-08-14 20:56:41.482 [info] Using git "2.41.0" from "git"
2023-08-14 20:56:41.482 [info] > git rev-parse --show-toplevel [5ms]
2023-08-14 20:56:41.483 [info] > git rev-parse --git-dir --git-common-dir [6ms]
2023-08-14 20:56:41.493 [info] Open repository: /home/erwindv/.config
2023-08-14 20:56:41.509 [info] > git config --get commit.template [7ms]
2023-08-14 20:56:41.510 [info] > git rev-parse --show-toplevel [2ms]
2023-08-14 20:56:41.519 [info] > git for-each-ref --format=%(refname)%00%(upstream:short)%00%(objectname)%00%(upstream:track)%00%(upstream:remotename)%00%(upstream:remoteref) refs/heads/main refs/remotes/main [3ms]
2023-08-14 20:56:41.530 [info] > git rev-parse --show-toplevel [1ms]
2023-08-14 20:56:41.535 [info] > git rev-parse --show-toplevel [1ms]
2023-08-14 20:56:41.540 [info] > git status -z -uall [14ms]
2023-08-14 20:56:41.582 [info] > git rev-parse --show-toplevel [43ms]
2023-08-14 20:56:41.583 [info] > git config --get commit.template [7ms]
2023-08-14 20:56:41.729 [info] > git for-each-ref --format=%(refname)%00%(upstream:short)%00%(objectname)%00%(upstream:track)%00%(upstream:remotename)%00%(upstream:remoteref) refs/heads/main refs/remotes/main [141ms]
2023-08-14 20:56:41.735 [info] > git rev-parse --show-toplevel [7ms]
2023-08-14 20:56:41.751 [info] > git status -z -uall [17ms]
2023-08-14 20:56:41.840 [info] > git rev-parse --show-toplevel [2ms]
2023-08-14 20:56:41.848 [info] > git rev-parse --show-toplevel [2ms]
2023-08-14 20:56:41.855 [info] > git rev-parse --show-toplevel [2ms]
2023-08-14 20:56:42.017 [info] > git rev-parse --show-toplevel [156ms]
2023-08-14 20:56:42.024 [info] > git rev-parse --show-toplevel [1ms]
2023-08-14 20:56:42.029 [info] > git rev-parse --show-toplevel [1ms]
2023-08-14 20:56:42.035 [info] > git check-ignore -v -z --stdin [2ms]
2023-08-14 20:56:42.042 [info] > git rev-parse --show-toplevel [1ms]
2023-08-14 20:56:42.048 [info] > git rev-parse --show-toplevel [2ms]
2023-08-14 20:56:42.054 [info] > git rev-parse --show-toplevel [1ms]
2023-08-14 20:56:42.062 [info] > git rev-parse --show-toplevel [0ms]
2023-08-14 20:56:42.072 [info] > git show --textconv :sxhkd/sxhkdrc [5ms]
2023-08-14 20:56:42.074 [info] > git ls-files --stage -- /home/erwindv/.config/sxhkd/sxhkdrc [2ms]
2023-08-14 20:56:43.902 [info] > git config --get commit.template [12ms]
2023-08-14 20:56:43.903 [info] > git for-each-ref --format=%(refname)%00%(upstream:short)%00%(objectname)%00%(upstream:track)%00%(upstream:remotename)%00%(upstream:remoteref) refs/heads/main refs/remotes/main [4ms]
2023-08-14 20:56:43.922 [info] > git status -z -uall [10ms]
2023-08-14 20:59:43.978 [info] > git config --get commit.template [3ms]
2023-08-14 20:59:43.988 [info] > git for-each-ref --format=%(refname)%00%(upstream:short)%00%(objectname)%00%(upstream:track)%00%(upstream:remotename)%00%(upstream:remoteref) refs/heads/main refs/remotes/main [2ms]
2023-08-14 20:59:44.010 [info] > git status -z -uall [17ms]
